2014-07-18 19:45:35.014 HelloCordova[20071:70b] Multi-tasking -> Device: YES, App: YES
2014-07-18 19:45:35.027 HelloCordova[20071:70b] Unlimited access to network resources
2014-07-18 19:45:35.030 HelloCordova[20071:70b] 

Started backup to iCloud! Please be careful.
Your application might rejected by Apple if you store too much data.
For more information please read "iOS Data Storage Guidelines"
You could find it at the following address https://developer.apple.com/icloud/documentation/data-storage/ .

2014-07-18 19:45:36.527 HelloCordova[20071:70b] Resetting plugins due to page load.
2014-07-18 19:45:36.724 HelloCordova[20071:70b] Finished load of: file:///Users/paulhoover/Library/Application%20Support/iPhone%20Simulator/7.1/Applications/B160CAC8-BA92-4E02-89CD-53C665339289/HelloCordova.app/www/index.html
Terminating in response to SpringBoard's termination.
2014-07-18 20:53:38.124 HelloCordova[20888:70b] Multi-tasking -> Device: YES, App: YES
2014-07-18 20:53:38.133 HelloCordova[20888:70b] Unlimited access to network resources
2014-07-18 20:53:38.171 HelloCordova[20888:70b] 

Started backup to iCloud! Please be careful.
Your application might rejected by Apple if you store too much data.
For more information please read "iOS Data Storage Guidelines"
You could find it at the following address https://developer.apple.com/icloud/documentation/data-storage/ .

2014-07-18 20:53:38.328 HelloCordova[20888:70b] Resetting plugins due to page load.
>>>> frameSizeChanged = 4096
>>>> frameSizeChanged = 4096
2014-07-18 20:53:39.369 HelloCordova[20888:70b] Finished load of: file:///Users/paulhoover/Library/Application%20Support/iPhone%20Simulator/7.1/Applications/B160CAC8-BA92-4E02-89CD-53C665339289/HelloCordova.app/www/index.html
Terminating in response to SpringBoard's termination.
2014-07-19 00:15:05.108 HelloCordova[21840:70b] Multi-tasking -> Device: YES, App: YES
2014-07-19 00:15:05.127 HelloCordova[21840:70b] Unlimited access to network resources
2014-07-19 00:15:05.148 HelloCordova[21840:70b] 

Started backup to iCloud! Please be careful.
Your application might rejected by Apple if you store too much data.
For more information please read "iOS Data Storage Guidelines"
You could find it at the following address https://developer.apple.com/icloud/documentation/data-storage/ .

2014-07-19 00:15:05.298 HelloCordova[21840:70b] Resetting plugins due to page load.
>>>> frameSizeChanged = 4096
>>>> frameSizeChanged = 4096
2014-07-19 00:15:06.786 HelloCordova[21840:70b] Finished load of: file:///Users/paulhoover/Library/Application%20Support/iPhone%20Simulator/7.1/Applications/B160CAC8-BA92-4E02-89CD-53C665339289/HelloCordova.app/www/index.html
Terminating in response to SpringBoard's termination.
